<?xml version="1.0" encoding="UTF-8"?>
<testsuites name="TS5" time="22.883" tests="1" failures="0" errors="0">
   <testsuite name="TS5" tests="1" failures="0" errors="0" time="22.883" skipped="0" timestamp="2023-08-30 18:20:13" hostname="quan.trinh - 192.168.0.21" id="Test Suites/TS5">
      <properties>
         <property name="deviceName" value=""/>
         <property name="devicePlatform" value=""/>
         <property name="logFolder" value="/Users/quan.trinh/git/Visual-Testing-/Reports/20230830_182010/TS5/20230830_182010"/>
         <property name="logFiles" value="/Users/quan.trinh/git/Visual-Testing-/Reports/20230830_182010/TS5/20230830_182010/execution0.log"/>
         <property name="attachments" value="keyes/keyes-viewport1.png, keyes/keyes-viewport2.png"/>
         <property name="hostName" value="quan.trinh - 192.168.0.21"/>
         <property name="os" value="Mac OS X 64bit"/>
         <property name="katalonVersion" value="8.6.5.208"/>
         <property name="browser" value="Chrome 106.0.0.0"/>
         <property name="hostAddress" value="127.0.0.1"/>
         <property name="sessionId" value="17485e970ba8af82eef0ff27f2ac7c81"/>
         <property name="seleniumVersion" value="3.141.59"/>
         <property name="proxyInformation" value="ProxyInformation { proxyOption=NO_PROXY, proxyServerType=HTTP, username=, password=********, proxyServerAddress=, proxyServerPort=0, executionList=&quot;&quot;, isApplyToDesiredCapabilities=true }"/>
         <property name="platform" value="Mac OS X"/>
      </properties>
      <testcase name="Test Cases/TC5" time="22.477" classname="Test Cases/TC5" status="PASSED">
         <system-out><![CDATA[2023-08-30 18:20:13 - [TEST_CASE][PASSED] - Test Cases/TC5: Test Cases/TC5

2023-08-30 18:20:13 - [TEST_STEP][PASSED] - Start listener action : enableSauceLabs: [SAUCELABS] Saucelabs Plugin will not attempt to auto update job status and information !

2023-08-30 18:20:13 - [MESSAGE][INFO] - [SAUCELABS] Current run configuration: Chrome

2023-08-30 18:20:13 - [MESSAGE][INFO] - [SAUCELABS] Saucelabs Plugin will not attempt to auto update job status and information !

2023-08-30 18:20:14 - [TEST_STEP][PASSED] - openBrowser("https://www.dubaimarinayachtclub.com/"): Browser is opened with url: 'https://www.dubaimarinayachtclub.com/'

2023-08-30 18:20:14 - [MESSAGE][INFO] - Starting 'Chrome' driver

2023-08-30 18:20:14 - [MESSAGE][INFO] - Action delay is set to 0 milliseconds

2023-08-30 18:20:24 - [MESSAGE][PASSED] - Browser is opened with url: 'https://www.dubaimarinayachtclub.com/'

2023-08-30 18:20:24 - [TEST_STEP][PASSED] - setViewPortSize(1000, 600): Viewport is set to new size with width = 1000 and height = 600

2023-08-30 18:20:25 - [MESSAGE][PASSED] - Viewport is set to new size with width = 1000 and height = 600

2023-08-30 18:20:25 - [TEST_STEP][PASSED] - println("getViewportWidth: " + getViewportWidth()): Viewport width is 1000

2023-08-30 18:20:25 - [MESSAGE][PASSED] - Viewport width is 1000

2023-08-30 18:20:25 - [TEST_STEP][PASSED] - println("getViewportHeight: " + getViewportHeight()): Viewport height is 419

2023-08-30 18:20:25 - [MESSAGE][PASSED] - Viewport height is 419

2023-08-30 18:20:25 - [TEST_STEP][PASSED] - println("getViewportLeftPosition: " + getViewportLeftPosition()): Current viewport's left (x) position is 0

2023-08-30 18:20:25 - [MESSAGE][PASSED] - Current viewport's left (x) position is 0

2023-08-30 18:20:25 - [TEST_STEP][PASSED] - println("getViewportTopPosition: " + getViewportTopPosition()): Current viewport's top (y) position is 0

2023-08-30 18:20:25 - [MESSAGE][PASSED] - Current viewport's top (y) position is 0

2023-08-30 18:20:25 - [TEST_STEP][PASSED] - takeScreenshotAsCheckpoint("viewport1", STOP_ON_FAILURE): Taking screenshot successfully

2023-08-30 18:20:30 - [MESSAGE][INFO] - 0 hidden object(s)

2023-08-30 18:20:30 - [MESSAGE][PASSED] - Taking screenshot successfully
[[ATTACHMENT|keyes/keyes-viewport1.png]]

2023-08-30 18:20:30 - [TEST_STEP][PASSED] - scrollToPosition(0, 600): Browser is scrolled to position x = 0, y = 600

2023-08-30 18:20:30 - [MESSAGE][PASSED] - Browser is scrolled to position x = 0, y = 600

2023-08-30 18:20:30 - [TEST_STEP][PASSED] - takeScreenshotAsCheckpoint("viewport2", STOP_ON_FAILURE): Taking screenshot successfully

2023-08-30 18:20:35 - [MESSAGE][INFO] - 0 hidden object(s)

2023-08-30 18:20:35 - [MESSAGE][PASSED] - Taking screenshot successfully
[[ATTACHMENT|keyes/keyes-viewport2.png]]

2023-08-30 18:20:35 - [TEST_STEP][PASSED] - closeBrowser(): Browser is closed

2023-08-30 18:20:36 - [MESSAGE][PASSED] - Browser is closed

2023-08-30 18:20:36 - [TEST_STEP][PASSED] - Start listener action : autoUpdateJobStatus: [SAUCELABS] Current run configuration: Chrome

2023-08-30 18:20:36 - [MESSAGE][INFO] - [SAUCELABS] Current run configuration: Chrome]]></system-out>
         <system-err><![CDATA[]]></system-err>
      </testcase>
      <system-out><![CDATA[2023-08-30 18:20:13 - [TEST_SUITE][PASSED] - TS5: Test Cases/TC5]]></system-out>
      <system-err><![CDATA[]]></system-err>
   </testsuite>
</testsuites>
